<?xml version="1.0" encoding="UTF-8"?>
<!-- Generated by org.testng.reporters.JUnitXMLReporter -->
<testsuite ignored="6" hostname="DESKTOP-V64ASU2" failures="0" tests="3" name="Default test" time="0.143" errors="0" timestamp="2022-11-30T10:28:59 WET">
  <testcase classname="com.solera.airline.controller.FlightControllerTest" name="ensureThatApiCallFlightByAirlineReturnsCode200" time="0.108"/>
  <testcase classname="com.solera.airline.controller.FlightControllerTest" name="ensureThatApiCallFlightByAirlineReturnsCode200" time="0.004"/>
  <testcase classname="com.solera.airline.controller.FlightControllerTest" name="ensureThatApiCallFlightByAirlineReturnsCode200" time="0.003"/>
  <testcase classname="com.solera.airline.controller.FlightControllerTest" name="ensureThatUserApiCallAllFlightsReturnsCode200" time="0.0">
    <ignored/>
  </testcase> <!-- ensureThatUserApiCallAllFlightsReturnsCode200 -->
  <testcase classname="com.solera.airline.controller.FlightControllerTest" name="ensureThatUserApiCallScalesReturnsJsonContent" time="0.0">
    <ignored/>
  </testcase> <!-- ensureThatUserApiCallScalesReturnsJsonContent -->
  <testcase classname="com.solera.airline.controller.FlightControllerTest" name="ensureThatUserApiCallLuggageReturnsCode200" time="0.0">
    <ignored/>
  </testcase> <!-- ensureThatUserApiCallLuggageReturnsCode200 -->
  <testcase classname="com.solera.airline.controller.FlightControllerTest" name="ensureThatUserApiCallAllFlightsReturnsJsonContent" time="0.0">
    <ignored/>
  </testcase> <!-- ensureThatUserApiCallAllFlightsReturnsJsonContent -->
  <testcase classname="com.solera.airline.controller.FlightControllerTest" name="ensureThatUserApiCallScalesReturnsCode200" time="0.0">
    <ignored/>
  </testcase> <!-- ensureThatUserApiCallScalesReturnsCode200 -->
  <testcase classname="com.solera.airline.controller.FlightControllerTest" name="ensureThatUserApiCallFlightsByAirlineReturnsJsonContent" time="0.0">
    <ignored/>
  </testcase> <!-- ensureThatUserApiCallFlightsByAirlineReturnsJsonContent -->
</testsuite> <!-- Default test -->
