<?xml version="1.0" encoding="UTF-8"?>
<!-- Generated by org.testng.reporters.JUnitXMLReporter -->
<testsuite ignored="3" hostname="DESKTOP-V64ASU2" failures="0" tests="1" name="Default test" time="0.154" errors="0" timestamp="2022-11-29T15:58:41 WET">
  <testcase classname="com.solera.airline.controller.FlightControllerTest" name="ensureThatUserApiCallFlightsByAirlineReturnsJsonContent" time="0.127"/>
  <testcase classname="com.solera.airline.controller.FlightControllerTest" name="ensureThatUserApiCallAllFlightsReturnsCode200" time="0.0">
    <ignored/>
  </testcase> <!-- ensureThatUserApiCallAllFlightsReturnsCode200 -->
  <testcase classname="com.solera.airline.controller.FlightControllerTest" name="ensureThatUserApiCallAllFlightsReturnsJsonContent" time="0.0">
    <ignored/>
  </testcase> <!-- ensureThatUserApiCallAllFlightsReturnsJsonContent -->
  <testcase classname="com.solera.airline.controller.FlightControllerTest" name="ensureThatApiCallFlightByAirlineReturnsCode200" time="0.0">
    <ignored/>
  </testcase> <!-- ensureThatApiCallFlightByAirlineReturnsCode200 -->
</testsuite> <!-- Default test -->
