<?xml version="1.0" encoding="UTF-8"?>
<testng-results ignored="6" total="9" passed="3" failed="0" skipped="0">
  <reporter-output>
  </reporter-output>
  <suite started-at="2022-11-30T10:28:59 WET" name="Default suite" finished-at="2022-11-30T10:28:59 WET" duration-ms="143">
    <groups>
    </groups>
    <test started-at="2022-11-30T10:28:59 WET" name="Default test" finished-at="2022-11-30T10:28:59 WET" duration-ms="143">
      <class name="com.solera.airline.controller.FlightControllerTest">
        <test-method signature="ensureThatApiCallFlightByAirlineReturnsCode200(java.lang.String)[pri:0, instance:com.solera.airline.controller.FlightControllerTest@3b5fad2d]" started-at="2022-11-30T10:28:59 WET" name="ensureThatApiCallFlightByAirlineReturnsCode200" data-provider="flightByAirline" finished-at="2022-11-30T10:28:59 WET" duration-ms="108" status="PASS">
          <params>
            <param index="0">
              <value>
                <![CDATA[ryanair]]>
              </value>
            </param>
          </params>
          <reporter-output>
          </reporter-output>
        </test-method> <!-- ensureThatApiCallFlightByAirlineReturnsCode200 -->
        <test-method signature="ensureThatApiCallFlightByAirlineReturnsCode200(java.lang.String)[pri:0, instance:com.solera.airline.controller.FlightControllerTest@3b5fad2d]" started-at="2022-11-30T10:28:59 WET" name="ensureThatApiCallFlightByAirlineReturnsCode200" data-provider="flightByAirline" finished-at="2022-11-30T10:28:59 WET" duration-ms="4" status="PASS">
          <params>
            <param index="0">
              <value>
                <![CDATA[tap]]>
              </value>
            </param>
          </params>
          <reporter-output>
          </reporter-output>
        </test-method> <!-- ensureThatApiCallFlightByAirlineReturnsCode200 -->
        <test-method signature="ensureThatApiCallFlightByAirlineReturnsCode200(java.lang.String)[pri:0, instance:com.solera.airline.controller.FlightControllerTest@3b5fad2d]" started-at="2022-11-30T10:28:59 WET" name="ensureThatApiCallFlightByAirlineReturnsCode200" data-provider="flightByAirline" finished-at="2022-11-30T10:28:59 WET" duration-ms="3" status="PASS">
          <params>
            <param index="0">
              <value>
                <![CDATA[easyjet]]>
              </value>
            </param>
          </params>
          <reporter-output>
          </reporter-output>
        </test-method> <!-- ensureThatApiCallFlightByAirlineReturnsCode200 -->
      </class> <!-- com.solera.airline.controller.FlightControllerTest -->
    </test> <!-- Default test -->
  </suite> <!-- Default suite -->
</testng-results>
